<?xml version="1.0" encoding="UTF-8"?>
<!-- Generated by org.testng.reporters.JUnitXMLReporter -->
<testsuite hostname="SCS-R37" ignored="1" name="Test---1" tests="2" failures="1" timestamp="30 Apr 2020 09:41:24 GMT" time="17.932" errors="0">
  <testcase name="takeScreenShotsTest1" time="1.898" classname="FailedScreenShot.ScreenShotTest">
    <failure type="java.lang.AssertionError" message="expected [Google] but found [home tgest]">
      <![CDATA[java.lang.AssertionError: expected [Google] but found [home tgest]
at FailedScreenShot.ScreenShotTest.takeScreenShotsTest1(ScreenShotTest.java:36)
... Removed 31 stack frames]]>
    </failure>
  </testcase> <!-- takeScreenShotsTest1 -->
  <testcase name="takeScreenShotsTest2" time="0.519" classname="FailedScreenShot.ScreenShotTest"/>
  <testcase name="takeScreenShotsTest3" time="0.0" classname="FailedScreenShot.ScreenShotTest">
    <ignored/>
  </testcase> <!-- takeScreenShotsTest3 -->
</testsuite> <!-- Test-1 -->
