<?xml version="1.0" encoding="UTF-8"?>
<!-- Generated by org.testng.reporters.JUnitReportReporter -->
<testsuite skipped="0" hostname="SCS-R37" name="TestNG_Concept.DataProviderConcept" tests="2" failures="0" timestamp="04 Jun 2020 16:39:28 GMT" time="0.007" errors="0">
  <testcase name="Tc_01" time="0.006" classname="TestNG_Concept.DataProviderConcept"/>
  <testcase name="Tc_01" time="0.001" classname="TestNG_Concept.DataProviderConcept"/>
</testsuite> <!-- TestNG_Concept.DataProviderConcept -->
