<?xml version="1.0" encoding="UTF-8"?>
<!-- Generated by org.testng.reporters.JUnitReportReporter -->
<testsuite skipped="0" hostname="SCS-R37" name="ParallelTestExecutionForClassTestsMethods.NewTestBrowser" tests="1" failures="0" timestamp="06 Jun 2020 17:28:06 GMT" time="15.186" errors="0">
  <testcase name="verifyPageTitle" time="15.186" classname="ParallelTestExecutionForClassTestsMethods.NewTestBrowser"/>
</testsuite> <!-- ParallelTestExecutionForClassTestsMethods.NewTestBrowser -->
