<?xml version="1.0" encoding="UTF-8"?>
<!-- Generated by org.testng.reporters.JUnitReportReporter -->
<testsuite skipped="0" hostname="SCS-R37" name="ParallelTestExecutionForClassTestsMethods.ParallelMethods" tests="3" failures="0" timestamp="06 Jun 2020 08:41:55 GMT" time="0.017" errors="0">
  <testcase name="Test2" time="0.008" classname="ParallelTestExecutionForClassTestsMethods.ParallelMethods"/>
  <testcase name="Test3" time="0.001" classname="ParallelTestExecutionForClassTestsMethods.ParallelMethods"/>
  <testcase name="Test1" time="0.008" classname="ParallelTestExecutionForClassTestsMethods.ParallelMethods"/>
</testsuite> <!-- ParallelTestExecutionForClassTestsMethods.ParallelMethods -->
