<?xml version="1.0" encoding="UTF-8"?>
<!-- Generated by org.testng.reporters.JUnitReportReporter -->
<testsuite skipped="0" hostname="SCS-R37" name="ParallelTestExecutionForClassTestsMethods.classTest2" tests="1" failures="0" timestamp="06 Jun 2020 09:26:22 GMT" time="12.445" errors="0">
  <testcase name="Test2" time="12.445" classname="ParallelTestExecutionForClassTestsMethods.classTest2"/>
</testsuite> <!-- ParallelTestExecutionForClassTestsMethods.classTest2 -->
