<?xml version="1.0" encoding="UTF-8"?>
<!-- Generated by org.testng.reporters.JUnitReportReporter -->
<testsuite skipped="0" hostname="SCS-R37" name="ParallelTestExecutionForClassTestsMethods.ParallelTest1" tests="1" failures="0" timestamp="06 Jun 2020 17:30:17 GMT" time="6.040" errors="0">
  <testcase name="Test1" time="6.040" classname="ParallelTestExecutionForClassTestsMethods.ParallelTest1"/>
</testsuite> <!-- ParallelTestExecutionForClassTestsMethods.ParallelTest1 -->
