<?xml version="1.0" encoding="UTF-8"?>
<!-- Generated by org.testng.reporters.JUnitReportReporter -->
<testsuite skipped="0" hostname="SCS-R37" name="JavaScriptConcepts.Test1" tests="1" failures="0" timestamp="01 May 2020 17:03:56 GMT" time="22.120" errors="0">
  <testcase name="launchBrowserTest" time="22.120" classname="JavaScriptConcepts.Test1"/>
</testsuite> <!-- JavaScriptConcepts.Test1 -->
