<?xml version="1.0" encoding="UTF-8"?>
<!-- Generated by org.testng.reporters.JUnitReportReporter -->
<testsuite skipped="0" hostname="SCS-R37" name="ParallelTestExecutionForClassTestsMethods.classTest1" tests="1" failures="0" timestamp="06 Jun 2020 09:26:22 GMT" time="9.551" errors="0">
  <testcase name="Test1" time="9.551" classname="ParallelTestExecutionForClassTestsMethods.classTest1"/>
</testsuite> <!-- ParallelTestExecutionForClassTestsMethods.classTest1 -->
