<?xml version="1.0" encoding="UTF-8"?>
<!-- Generated by org.testng.reporters.JUnitReportReporter -->
<testsuite skipped="0" hostname="SCS-R37" name="TestNG_Concept.ReadDataExcel" tests="2" failures="0" timestamp="26 Apr 2020 10:25:52 GMT" time="0.010" errors="0">
  <testcase name="loginData" time="0.008" classname="TestNG_Concept.ReadDataExcel"/>
  <testcase name="loginData" time="0.002" classname="TestNG_Concept.ReadDataExcel"/>
</testsuite> <!-- TestNG_Concept.ReadDataExcel -->
