<?xml version="1.0" encoding="UTF-8"?>
<!-- Generated by org.testng.reporters.JUnitReportReporter -->
<testsuite skipped="0" hostname="SCS-R37" name="ParallelTestExecutionForClassTestsMethods.ParallelTestExecution" tests="1" failures="0" timestamp="06 Jun 2020 17:25:12 GMT" time="3.312" errors="0">
  <testcase name="Test1" time="3.312" classname="ParallelTestExecutionForClassTestsMethods.ParallelTestExecution"/>
</testsuite> <!-- ParallelTestExecutionForClassTestsMethods.ParallelTestExecution -->
