<?xml version="1.0" encoding="UTF-8"?>
<!-- Generated by org.testng.reporters.JUnitReportReporter -->
<testsuite skipped="0" hostname="SCS-R37" name="TestNG_Concept.ParallelExecutions" tests="2" failures="0" timestamp="21 May 2020 11:57:06 GMT" time="5.567" errors="0">
  <testcase name="Tc_02" time="2.472" classname="TestNG_Concept.ParallelExecutions"/>
  <testcase name="Tc_01" time="3.095" classname="TestNG_Concept.ParallelExecutions"/>
</testsuite> <!-- TestNG_Concept.ParallelExecutions -->
