<?xml version="1.0" encoding="UTF-8"?>
<!-- Generated by org.testng.reporters.JUnitReportReporter -->
<testsuite skipped="0" hostname="SCS-R37" name="LaunchBrowser.LaunchBrowser" tests="1" failures="0" timestamp="25 Apr 2020 14:07:38 GMT" time="0.008" errors="0">
  <testcase name="launchBrowserTest" time="0.008" classname="LaunchBrowser.LaunchBrowser"/>
</testsuite> <!-- LaunchBrowser.LaunchBrowser -->
