<?xml version="1.0" encoding="UTF-8"?>
<!-- Generated by org.testng.reporters.JUnitReportReporter -->
<testsuite skipped="0" hostname="SCS-R37" name="FailedScreenShot.ChildTest" tests="1" failures="0" timestamp="21 May 2020 09:07:09 GMT" time="19.417" errors="0">
  <testcase name="Test" time="19.417" classname="FailedScreenShot.ChildTest"/>
</testsuite> <!-- FailedScreenShot.ChildTest -->
