<?xml version="1.0" encoding="UTF-8"?>
<!-- Generated by org.testng.reporters.JUnitReportReporter -->
<testsuite skipped="0" hostname="SCS-R37" name="TestNG_Concept.Test02" tests="8" failures="0" timestamp="26 Apr 2020 07:33:17 GMT" time="30.180" errors="0">
  <testcase name="Tc_03" time="2.644" classname="TestNG_Concept.Test02"/>
  <testcase name="Tc_01" time="6.425" classname="TestNG_Concept.Test02"/>
  <testcase name="Tc_02" time="2.521" classname="TestNG_Concept.Test02"/>
  <testcase name="Tc_04" time="4.880" classname="TestNG_Concept.Test02"/>
  <testcase name="Tc_02" time="2.705" classname="TestNG_Concept.Test02"/>
  <testcase name="Tc_03" time="2.419" classname="TestNG_Concept.Test02"/>
  <testcase name="Tc_01" time="5.358" classname="TestNG_Concept.Test02"/>
  <testcase name="Tc_04" time="3.228" classname="TestNG_Concept.Test02"/>
</testsuite> <!-- TestNG_Concept.Test02 -->
